{
  "timestamp": "2025-11-30T22:15:28.539688",
  "overall_status": "FAILED",
  "overall_duration": 11.25,
  "summary": {
    "total_passed": 27,
    "total_failed": 3,
    "total_skipped": 18,
    "total_errors": 0
  },
  "dependencies": {
    "pytest": true,
    "mcp": true,
    "anthropic": true,
    "langchain": true,
    "langgraph": true
  },
  "test_results": [
    {
      "name": "MCP Server Core",
      "status": "PASSED",
      "duration": 2.35,
      "passed": 12,
      "failed": 0,
      "skipped": 0,
      "errors": 0,
      "output": "============================= test session starts ==============================\nplatform darwin -- Python 3.12.7, pytest-8.4.2, pluggy-1.6.0 -- /Users/gp/python/agentic/agentic-python-getting-started-main/venv/bin/python\ncachedir: .pytest_cache\nrootdir: /Users/gp/python/agentic/agentic-python-getting-started-main\nplugins: asyncio-1.2.0, anyio-4.11.0, langsmith-0.4.49\nasyncio: mode=Mode.STRICT, debug=False, asyncio_default_fixture_loop_scope=None, asyncio_default_test_loop_scope=function\ncollecting ... collected 12 items\n\ntests/test_mcp_server.py::TestOSQueryTools::test_query_system_info_success PASSED [  8%]\ntests/test_mcp_server.py::TestOSQueryTools::test_query_processes_success PASSED [ 16%]\ntests/test_mcp_server.py::TestOSQueryTools::test_query_users_success PASSED [ 25%]\ntests/test_mcp_server.py::TestOSQueryTools::test_custom_query_success PASSED [ 33%]\ntests/test_mcp_server.py::TestOSQueryTools::test_validate_sql_safe_query PASSED [ 41%]\ntests/test_mcp_server.py::TestOSQueryTools::test_validate_sql_unsafe_query PASSED [ 50%]\ntests/test_mcp_server.py::TestOSQueryTools::test_osquery_error_handling PASSED [ 58%]\ntests/test_mcp_server.py::TestMCPServer::test_list_tools PASSED          [ 66%]\ntests/test_mcp_server.py::TestMCPServer::test_call_tool_system_info PASSED [ 75%]\ntests/test_mcp_server.py::TestMCPServer::test_call_tool_processes PASSED [ 83%]\ntests/test_mcp_server.py::TestMCPServer::test_call_tool_custom_query_safe PASSED [ 91%]\ntests/test_mcp_server.py::TestMCPServer::test_call_tool_custom_query_unsafe PASSED [100%]\n\n============================== 12 passed in 0.62s ==============================\n",
      "return_code": 0
    },
    {
      "name": "Security Components",
      "status": "FAILED",
      "duration": 1.34,
      "passed": 3,
      "failed": 1,
      "skipped": 0,
      "errors": 0,
      "output": "============================= test session starts ==============================\nplatform darwin -- Python 3.12.7, pytest-8.4.2, pluggy-1.6.0 -- /Users/gp/python/agentic/agentic-python-getting-started-main/venv/bin/python\ncachedir: .pytest_cache\nrootdir: /Users/gp/python/agentic/agentic-python-getting-started-main\nplugins: asyncio-1.2.0, anyio-4.11.0, langsmith-0.4.49\nasyncio: mode=Mode.STRICT, debug=False, asyncio_default_fixture_loop_scope=None, asyncio_default_test_loop_scope=function\ncollecting ... collected 21 items\n\ntests/test_security.py::TestAuditLogger::test_logger_creation PASSED     [  4%]\ntests/test_security.py::TestAuditLogger::test_log_action PASSED          [  9%]\ntests/test_security.py::TestAuditLogger::test_log_security_violation PASSED [ 14%]\ntests/test_security.py::TestAuditLogger::test_get_audit_logger_singleton FAILED [ 19%]\n\n=================================== FAILURES ===================================\n_______________ TestAuditLogger.test_get_audit_logger_singleton ________________\ntests/test_security.py:70: in test_get_audit_logger_singleton\n    logger1 = get_audit_logger()\n              ^^^^^^^^^^^^^^^^\nE   NameError: name 'get_audit_logger' is not defined\n=========================== short test summary info ============================\nFAILED tests/test_security.py::TestAuditLogger::test_get_audit_logger_singleton\n!!!!!!!!!!!!!!!!!!!!!!!!!! stopping after 1 failures !!!!!!!!!!!!!!!!!!!!!!!!!!!\n========================= 1 failed, 3 passed in 0.13s ==========================\n",
      "return_code": 1
    },
    {
      "name": "Workflow Builder",
      "status": "FAILED",
      "duration": 1.33,
      "passed": 6,
      "failed": 1,
      "skipped": 0,
      "errors": 0,
      "output": "============================= test session starts ==============================\nplatform darwin -- Python 3.12.7, pytest-8.4.2, pluggy-1.6.0 -- /Users/gp/python/agentic/agentic-python-getting-started-main/venv/bin/python\ncachedir: .pytest_cache\nrootdir: /Users/gp/python/agentic/agentic-python-getting-started-main\nplugins: asyncio-1.2.0, anyio-4.11.0, langsmith-0.4.49\nasyncio: mode=Mode.STRICT, debug=False, asyncio_default_fixture_loop_scope=None, asyncio_default_test_loop_scope=function\ncollecting ... collected 22 items\n\ntests/test_workflow_builder.py::TestWorkflowBuilder::test_builder_creation PASSED [  4%]\ntests/test_workflow_builder.py::TestWorkflowBuilder::test_add_node PASSED [  9%]\ntests/test_workflow_builder.py::TestWorkflowBuilder::test_add_edge PASSED [ 13%]\ntests/test_workflow_builder.py::TestWorkflowBuilder::test_remove_node PASSED [ 18%]\ntests/test_workflow_builder.py::TestWorkflowBuilder::test_remove_edge PASSED [ 22%]\ntests/test_workflow_builder.py::TestWorkflowBuilder::test_workflow_validation PASSED [ 27%]\ntests/test_workflow_builder.py::TestWorkflowBuilder::test_cycle_detection FAILED [ 31%]\n\n=================================== FAILURES ===================================\n___________________ TestWorkflowBuilder.test_cycle_detection ___________________\ntests/test_workflow_builder.py:119: in test_cycle_detection\n    assert self.builder.has_cycles()\n           ^^^^^^^^^^^^^^^^^^^^^^^\nE   AttributeError: 'WorkflowBuilder' object has no attribute 'has_cycles'\n----------------------------- Captured stdout call -----------------------------\n\u2705 Added node: a (tool)\n\u2705 Added node: b (tool)\n\u2705 Added node: c (tool)\n\u2705 Added edge: a \u2192 b\n\u2705 Added edge: b \u2192 c\n\u2705 Added edge: c \u2192 a\n=========================== short test summary info ============================\nFAILED tests/test_workflow_builder.py::TestWorkflowBuilder::test_cycle_detection\n!!!!!!!!!!!!!!!!!!!!!!!!!! stopping after 1 failures !!!!!!!!!!!!!!!!!!!!!!!!!!!\n========================= 1 failed, 6 passed in 0.13s ==========================\n",
      "return_code": 1
    },
    {
      "name": "LangGraph Workflows",
      "status": "PASSED",
      "duration": 1.72,
      "passed": 3,
      "failed": 0,
      "skipped": 7,
      "errors": 0,
      "output": "============================= test session starts ==============================\nplatform darwin -- Python 3.12.7, pytest-8.4.2, pluggy-1.6.0 -- /Users/gp/python/agentic/agentic-python-getting-started-main/venv/bin/python\ncachedir: .pytest_cache\nrootdir: /Users/gp/python/agentic/agentic-python-getting-started-main\nplugins: asyncio-1.2.0, anyio-4.11.0, langsmith-0.4.49\nasyncio: mode=Mode.STRICT, debug=False, asyncio_default_fixture_loop_scope=None, asyncio_default_test_loop_scope=function\ncollecting ... collected 10 items\n\ntests/test_langgraph_workflows.py::TestLangGraphWorkflows::test_workflow_creation SKIPPED [ 10%]\ntests/test_langgraph_workflows.py::TestLangGraphWorkflows::test_workflow_execution_security SKIPPED [ 20%]\ntests/test_langgraph_workflows.py::TestLangGraphWorkflows::test_workflow_state_management SKIPPED [ 30%]\ntests/test_langgraph_workflows.py::TestWorkflowNodes::test_system_analyzer_node SKIPPED [ 40%]\ntests/test_langgraph_workflows.py::TestWorkflowNodes::test_process_analyzer_node SKIPPED [ 50%]\ntests/test_langgraph_workflows.py::TestWorkflowNodes::test_network_analyzer_node SKIPPED [ 60%]\ntests/test_langgraph_workflows.py::TestMockWorkflows::test_mock_workflow_adapter PASSED [ 70%]\ntests/test_langgraph_workflows.py::TestMockWorkflows::test_workflow_adapter_available PASSED [ 80%]\ntests/test_langgraph_workflows.py::TestMockWorkflows::test_runtime_workflow_adapter SKIPPED [ 90%]\ntests/test_langgraph_workflows.py::TestMockWorkflows::test_mock_workflow_nodes PASSED [100%]\n\n========================= 3 passed, 7 skipped in 0.45s =========================\n",
      "return_code": 0
    },
    {
      "name": "LangChain Agent",
      "status": "PASSED",
      "duration": 2.63,
      "passed": 1,
      "failed": 0,
      "skipped": 10,
      "errors": 0,
      "output": "============================= test session starts ==============================\nplatform darwin -- Python 3.12.7, pytest-8.4.2, pluggy-1.6.0 -- /Users/gp/python/agentic/agentic-python-getting-started-main/venv/bin/python\ncachedir: .pytest_cache\nrootdir: /Users/gp/python/agentic/agentic-python-getting-started-main\nplugins: asyncio-1.2.0, anyio-4.11.0, langsmith-0.4.49\nasyncio: mode=Mode.STRICT, debug=False, asyncio_default_fixture_loop_scope=None, asyncio_default_test_loop_scope=function\ncollecting ... collected 11 items\n\ntests/test_langchain_agent.py::TestLangChainAgent::test_agent_creation SKIPPED [  9%]\ntests/test_langchain_agent.py::TestLangChainAgent::test_agent_tool_selection SKIPPED [ 18%]\ntests/test_langchain_agent.py::TestLangChainAgent::test_agent_performance_analysis SKIPPED [ 27%]\ntests/test_langchain_agent.py::TestLangChainAgent::test_agent_multi_tool_chaining SKIPPED [ 36%]\ntests/test_langchain_agent.py::TestAgentRules::test_security_analysis_rules SKIPPED [ 45%]\ntests/test_langchain_agent.py::TestAgentRules::test_performance_analysis_rules SKIPPED [ 54%]\ntests/test_langchain_agent.py::TestAgentRules::test_overview_analysis_rules SKIPPED [ 63%]\ntests/test_langchain_agent.py::TestAgentErrorHandling::test_agent_tool_error_handling SKIPPED [ 72%]\ntests/test_langchain_agent.py::TestAgentErrorHandling::test_agent_missing_api_key SKIPPED [ 81%]\ntests/test_langchain_agent.py::TestMockAgent::test_mock_agent_creation PASSED [ 90%]\ntests/test_langchain_agent.py::TestMockAgent::test_mock_analysis SKIPPED [100%]\n\n======================== 1 passed, 10 skipped in 1.12s =========================\n",
      "return_code": 0
    },
    {
      "name": "Integration Tests",
      "status": "FAILED",
      "duration": 1.87,
      "passed": 2,
      "failed": 1,
      "skipped": 1,
      "errors": 0,
      "output": "============================= test session starts ==============================\nplatform darwin -- Python 3.12.7, pytest-8.4.2, pluggy-1.6.0 -- /Users/gp/python/agentic/agentic-python-getting-started-main/venv/bin/python\ncachedir: .pytest_cache\nrootdir: /Users/gp/python/agentic/agentic-python-getting-started-main\nplugins: asyncio-1.2.0, anyio-4.11.0, langsmith-0.4.49\nasyncio: mode=Mode.STRICT, debug=False, asyncio_default_fixture_loop_scope=None, asyncio_default_test_loop_scope=function\ncollecting ... collected 13 items\n\ntests/test_integration.py::TestSystemIntegration::test_full_mcp_request_flow PASSED [  7%]\ntests/test_integration.py::TestSystemIntegration::test_security_violation_flow PASSED [ 15%]\ntests/test_integration.py::TestLangChainIntegration::test_agent_with_security SKIPPED [ 23%]\ntests/test_integration.py::TestWorkflowIntegration::test_workflow_with_security_checks FAILED [ 30%]\n\n=================================== FAILURES ===================================\n__________ TestWorkflowIntegration.test_workflow_with_security_checks __________\nasync def functions are not natively supported.\nYou need to install a suitable plugin for your async framework, for example:\n  - anyio\n  - pytest-asyncio\n  - pytest-tornasync\n  - pytest-trio\n  - pytest-twisted\n=========================== short test summary info ============================\nFAILED tests/test_integration.py::TestWorkflowIntegration::test_workflow_with_security_checks\n!!!!!!!!!!!!!!!!!!!!!!!!!! stopping after 1 failures !!!!!!!!!!!!!!!!!!!!!!!!!!!\n==================== 1 failed, 2 passed, 1 skipped in 0.51s ====================\n",
      "return_code": 1
    }
  ]
}